e:\documents\c++\collection\collection\x64\debug\collection.pch
e:\documents\c++\collection\collection\x64\debug\vc141.pdb
e:\documents\c++\collection\collection\x64\debug\vc141.idb
e:\documents\c++\collection\collection\x64\debug\stdafx.obj
e:\documents\c++\collection\collection\x64\debug\staticqueue.obj
e:\documents\c++\collection\collection\x64\debug\stack.obj
e:\documents\c++\collection\collection\x64\debug\queue.obj
e:\documents\c++\collection\collection\x64\debug\node.obj
e:\documents\c++\collection\collection\x64\debug\main.obj
e:\documents\c++\collection\collection\x64\debug\list.obj
e:\documents\c++\collection\collection\x64\debug\iterator.obj
e:\documents\c++\collection\collection\x64\debug\doublepointernode.obj
e:\documents\c++\collection\collection\x64\debug\collection.obj
e:\documents\c++\collection\x64\debug\collection.exe
e:\documents\c++\collection\x64\debug\collection.ilk
e:\documents\c++\collection\x64\debug\collection.pdb
e:\documents\c++\collection\collection\x64\debug\collection.tlog\cl.command.1.tlog
e:\documents\c++\collection\collection\x64\debug\collection.tlog\cl.read.1.tlog
e:\documents\c++\collection\collection\x64\debug\collection.tlog\cl.write.1.tlog
e:\documents\c++\collection\collection\x64\debug\collection.tlog\link.command.1.tlog
e:\documents\c++\collection\collection\x64\debug\collection.tlog\link.read.1.tlog
e:\documents\c++\collection\collection\x64\debug\collection.tlog\link.write.1.tlog
